==========================================
TEIRV NPE Inference Only
==========================================
Job ID: 1992017
Node: gina2
Start time: Fri Jul  4 10:37:13 AEST 2025
Using existing model: workflows/production_run_20250703_123040/npe_model.pkl
==========================================
Checking CUDA availability...
CUDA available: True
CUDA devices: 1
NVIDIA GPU info:
Fri Jul  4 10:37:54 2025       
+-----------------------------------------------------------------------------------------+
| NVIDIA-SMI 570.148.08             Driver Version: 570.148.08     CUDA Version: 12.8     |
|-----------------------------------------+------------------------+----------------------+
| GPU  Name                 Persistence-M | Bus-Id          Disp.A | Volatile Uncorr. ECC |
| Fan  Temp   Perf          Pwr:Usage/Cap |           Memory-Usage | GPU-Util  Compute M. |
|                                         |                        |               MIG M. |
|=========================================+========================+======================|
|   0  NVIDIA A100-SXM4-80GB          On  |   00000000:C1:00.0 Off |                    0 |
| N/A   24C    P0             57W /  500W |       0MiB /  81920MiB |      0%      Default |
|                                         |                        |             Disabled |
+-----------------------------------------+------------------------+----------------------+
                                                                                         
+-----------------------------------------------------------------------------------------+
| Processes:                                                                              |
|  GPU   GI   CI              PID   Type   Process name                        GPU Memory |
|        ID   ID                                                               Usage      |
|=========================================================================================|
|  No running processes found                                                             |
+-----------------------------------------------------------------------------------------+
==========================================
Starting inference at Fri Jul  4 10:37:54 AEST 2025
🏥 Running inference with existing model: workflows/production_run_20250703_123040/npe_model.pkl
🏥 TEIRV Inference
==================================================
Loading NPE model from workflows/production_run_20250703_123040/npe_model.pkl
Loaded TEIRV model from workflows/production_run_20250703_123040/npe_model.pkl
✅ NPE model loaded successfully

Loading clinical data...
Found 6 patient datasets: ['443108', '445602', '444391', '444332', '432192', '451152']
Loaded patient 443108: 14 timepoints
Loaded patient 445602: 14 timepoints
Loaded patient 444391: 14 timepoints
Loaded patient 444332: 14 timepoints
Loaded patient 432192: 14 timepoints
Loaded patient 451152: 14 timepoints
✅ Found 6 patients
Filtered 6/6 patients meeting criteria
✅ Processing 6 patients
Prepared patient 443108: torch.Size([15])
Prepared patient 445602: torch.Size([15])
Prepared patient 444391: torch.Size([15])
Prepared patient 444332: torch.Size([15])
Prepared patient 432192: torch.Size([15])
Prepared patient 451152: torch.Size([15])

Performing NPE inference (20000 samples per patient)...

Processing patient 443108
  ❌ Failed: Expected all tensors to be on the same device, but found at least two devices, cuda:0 and cpu!

Processing patient 445602
  ❌ Failed: Expected all tensors to be on the same device, but found at least two devices, cuda:0 and cpu!

Processing patient 444391
  ❌ Failed: Expected all tensors to be on the same device, but found at least two devices, cuda:0 and cpu!

Processing patient 444332
  ❌ Failed: Expected all tensors to be on the same device, but found at least two devices, cuda:0 and cpu!

Processing patient 432192
  ❌ Failed: Expected all tensors to be on the same device, but found at least two devices, cuda:0 and cpu!

Processing patient 451152
  ❌ Failed: Expected all tensors to be on the same device, but found at least two devices, cuda:0 and cpu!

✅ CLINICAL INFERENCE COMPLETED
⏱️  Total time: 0.40 seconds
📁 Results saved to workflows/production_run_20250703_123040/inference_results
✅ Inference completed! Results in: workflows/production_run_20250703_123040/inference_results
==========================================
Inference completed at Fri Jul  4 10:39:44 AEST 2025
Exit code: 0
✅ INFERENCE COMPLETED SUCCESSFULLY
📁 Results available in: workflows/production_run_20250703_123040/inference_results/

Generated files:
  - Patient-specific corner plots: patient_*_corner.png
  - Patient-specific predictive plots: patient_*_predictive.png
  - Parameter estimates: clinical_parameter_estimates.csv

To view results:
  ls -la workflows/production_run_20250703_123040/inference_results/
  cat workflows/production_run_20250703_123040/inference_results/clinical_parameter_estimates.csv
==========================================
